1539257465537	mozrunner::runner	INFO	Running command: "/usr/bin/firefox" "-marionette" "-foreground" "-no-remote" "-profile" "/tmp/rust_mozprofile.LxfblhOVEPlE"
1539257469283	Marionette	INFO	Listening on port 35689
1539257469615	Marionette	WARN	TLS certificate errors will be ignored for this session
1539257470516	Marionette	DEBUG	[2147483649] Frame script loaded
1539257470517	Marionette	DEBUG	[2147483649] Frame script registered
1539257470644	Marionette	DEBUG	[2147483649] Received DOM event beforeunload for about:blank
1539257473068	Marionette	DEBUG	[2147483649] Received DOM event pagehide for about:blank
1539257474064	Marionette	DEBUG	[2147483649] Received DOM event DOMContentLoaded for https://www.linkedin.com/
1539257474233	Marionette	DEBUG	[2147483649] Received DOM event pageshow for https://www.linkedin.com/

###!!! [Child][RunMessage] Error: Channel closing: too late to send/recv, messages will be lost

1539257477627	Marionette	DEBUG	[4294967297] Frame script loaded
1539257477628	Marionette	DEBUG	[4294967297] Frame script registered
1539257477659	Marionette	DEBUG	[4294967299] Frame script loaded
1539257477660	Marionette	DEBUG	[4294967299] Frame script registered
1539257486414	Marionette	DEBUG	[4294967303] Frame script loaded
1539257486415	Marionette	DEBUG	[4294967303] Frame script registered
1539257487987	Marionette	DEBUG	[4294967306] Frame script loaded
1539257487987	Marionette	DEBUG	[4294967306] Frame script registered
1539257489576	Marionette	DEBUG	[4294967309] Frame script loaded
1539257489576	Marionette	DEBUG	[4294967309] Frame script registered
1539257489785	Marionette	DEBUG	[4294967312] Frame script loaded
1539257489786	Marionette	DEBUG	[4294967312] Frame script registered
1539257490090	Marionette	DEBUG	[4294967315] Frame script loaded
1539257490090	Marionette	DEBUG	[4294967315] Frame script registered
1539257490572	Marionette	DEBUG	[4294967318] Frame script loaded
1539257490577	Marionette	DEBUG	[4294967318] Frame script registered
1539257514108	mozrunner::runner	INFO	Running command: "/usr/bin/firefox" "-marionette" "-foreground" "-no-remote" "-profile" "/tmp/rust_mozprofile.ea2LNv70cYQA"
1539257520305	Marionette	INFO	Listening on port 46563
1539257520429	Marionette	WARN	TLS certificate errors will be ignored for this session
1539257520509	Marionette	DEBUG	[2147483649] Frame script loaded
1539257520523	Marionette	DEBUG	[2147483649] Frame script registered
1539257520644	Marionette	DEBUG	[2147483649] Received DOM event beforeunload for about:blank
1539257523707	Marionette	DEBUG	[2147483649] Received DOM event pagehide for about:blank
1539257524187	Marionette	DEBUG	[2147483649] Received DOM event DOMContentLoaded for https://www.linkedin.com/
1539257524488	Marionette	DEBUG	[2147483649] Received DOM event pageshow for https://www.linkedin.com/
[Parent 15347, Gecko_IOThread] WARNING: pipe error (59): Connection reset by peer: file /build/firefox-IVlCbR/firefox-62.0.3+build1/ipc/chromium/src/chrome/common/ipc_channel_posix.cc, line 353
1539257543438	Marionette	INFO	Stopped listening on port 46563
[Parent 14967, Gecko_IOThread] WARNING: pipe error (87): Connection reset by peer: file /build/firefox-IVlCbR/firefox-62.0.3+build1/ipc/chromium/src/chrome/common/ipc_channel_posix.cc, line 353
1539257546184	Marionette	INFO	Stopped listening on port 35689
1539260378510	mozrunner::runner	INFO	Running command: "/usr/bin/firefox" "-marionette" "-foreground" "-no-remote" "-profile" "/tmp/rust_mozprofile.OBkClxT5DcS5"
1539260530952	mozrunner::runner	INFO	Running command: "/usr/bin/firefox" "-marionette" "-foreground" "-no-remote" "-profile" "/tmp/rust_mozprofile.1nfTXlaiGTdv"
1539260548082	Marionette	INFO	Listening on port 35287
1539260551116	Marionette	WARN	TLS certificate errors will be ignored for this session
1539260551164	Marionette	DEBUG	[2147483649] Frame script loaded
1539260552443	Marionette	DEBUG	[2147483649] Frame script registered
1539260552650	Marionette	DEBUG	[2147483649] Received DOM event beforeunload for about:blank
1539260558811	Marionette	DEBUG	[2147483649] Received DOM event pagehide for about:blank
JavaScript error: https://www.camskra.com/WebResource.axd?d=pynGkmcFUV13He1Qd6_TZBaFXrd3GW60uADr85Hos5ys3wSXnbyyIilO_zRxKzVTksrXQrlY0EunFGL5iSzM7Q2&t=636681801604795562, line 3: SyntaxError: expected expression, got '<'
JavaScript error: https://www.camskra.com/ScriptResource.axd?d=D9drwtSJ4hBA6O8UhT6CQnXocPDJ_yaKDbhfBQ1nQL6UOWK4yrUu0cXZyIXYGTBwglf8NQ5EIYr7FD22Wzpagc1Jnn_HwOsIf1riSJUKih2kpyILXrAtws6jYlFJ1tMQse7054DGlURD3rBT0afRdxJjIzxNhacxGHQzJL0FDLA1&t=545ba255, line 3: SyntaxError: expected expression, got '<'
JavaScript error: https://www.camskra.com/, line 753: Error: ASP.NET Ajax client-side framework failed to load.
JavaScript error: https://www.camskra.com/ScriptResource.axd?d=JnUc-DEDOM5KzzVKtsL1tcBns_2oW5sSAW-_BjOUOCkAYeFNYcwmsq-CVwQfVTWCAhsxj9un2cWZIiBHZ6mjp9PWr0alO9FFUCbLnnWL3Ng2aoRNviq8M6pGbwcYr4NMikKHmEGIH_Ug1oIN-4aIvSf23EQruEIwNi4sEZ5ptiN-3lE5Ylxe9DXBF7kXHnJH0&t=545ba255, line 3: SyntaxError: expected expression, got '<'
JavaScript error: https://www.camskra.com/, line 783: ReferenceError: Sys is not defined
JavaScript error: https://www.camskra.com/WebResource.axd?d=pynGkmcFUV13He1Qd6_TZK4fk3H-NuFamt3j1WxIIwXFSQncQHKai7tsxYaCDR7a2nrMs8vcXlyqxKAuzAoQ4g2&t=636681801604795562, line 3: SyntaxError: expected expression, got '<'
JavaScript error: https://www.camskra.com/ScriptResource.axd?d=LkSbRRtTbnpvh0g927IxkNwv1wrnQ3dk5DlOGIPzd7NNgu81w4_g_pODH76oMDQFWLnazLJeDc4Stlp6rFKKjBinDiEC0hWFnnlMEuYOxRRUjMxjkyhpAufCHGf1HK2Vc99Kami7N1Tfsh8prEiI2g2&t=5f915bbd, line 3: SyntaxError: expected expression, got '<'
JavaScript error: https://www.camskra.com/ScriptResource.axd?d=dMtrWYtYVdP90oUUR-ZVmyyLu7TyL6iuNbCS8lj9Pe07NB4y1NB8d32oyTjemOvvhyqC5WyDpq7Z2oLLGtKfQS56rQuREogyuS8c-gKwjBXesqwQvEr-FgaMDMMjv-F-ebuIOaI8aHSKWDT0_5Zzog2&t=5f915bbd, line 3: SyntaxError: expected expression, got '<'
JavaScript error: https://www.camskra.com/ScriptResource.axd?d=beb9cQ9ZLEsvO0Gw0Ci-lBUBf3diTcNTpG5lYvhMg3OzMSe5lXcubf2O7Ta00DyNIjageN0EKhL7CzgQ_NF6um2W9J9GJPHuw4gkvXUumFmw_vfEzcU1-NJhulaX9kZZSDbOlDf8eDOWrMhidSV14Q2&t=5f915bbd, line 3: SyntaxError: expected expression, got '<'
JavaScript error: https://www.camskra.com/ScriptResource.axd?d=8CjII1v0OLoMNKf5zGXmerh57w8NrwdFWcdfUSJwsq0jGppt9XuK82homC2btN-aUJwIEKx0XdELztIeukV0frVdc7RHc7FTugRRo9hvQb2gosIKJQc4GFsvIODNUnkHt-JUU8fztNLUW8zW4Ol00jxazoxthKofZeE0f-3xSOw1&t=5f915bbd, line 3: SyntaxError: expected expression, got '<'
JavaScript error: https://www.camskra.com/ScriptResource.axd?d=D9drwtSJ4hBA6O8UhT6CQs5Vf3UiCYmCM63Dbq7PQwAUWtTezk8vQewHh98NQ30ZhJ0lFk9u-ej1M54o4kxaC19ZtTH4mW3mQJfaLpoLpuCb_mig0W9ST1i2hzqVUVGemtGsg2RdkyrJJ2LxyyC-6I2_de66H70tn-nqaUoWKJU1&t=545ba255:786, line 77: Error: Sys.ArgumentUndefinedException: Value cannot be undefined.
Parameter name: baseType
JavaScript error: https://www.camskra.com/ScriptResource.axd?d=D9drwtSJ4hBA6O8UhT6CQs5Vf3UiCYmCM63Dbq7PQwAUWtTezk8vQewHh98NQ30ZhJ0lFk9u-ej1M54o4kxaC19ZtTH4mW3mQJfaLpoLpuCb_mig0W9ST1i2hzqVUVGemtGsg2RdkyrJJ2LxyyC-6I2_de66H70tn-nqaUoWKJU1&t=545ba255:786, line 77: Error: Sys.ArgumentUndefinedException: Value cannot be undefined.
Parameter name: baseType
JavaScript error: https://www.camskra.com/ScriptResource.axd?d=qOXJv4kGrdDSKonndTkxcmXYs7ElTbK0S6If37pOYuKg18DwA17qgGX7ecHocuiJW4gsEa987YwK5e9_mIKiG6E6i4DtXtzWvlajsoe38rEJbu4I2NaWdY-yJiGHyBj2dP28P5-HzSj444VG5AKuIA2&t=5f915bbd, line 3: SyntaxError: expected expression, got '<'
JavaScript error: https://www.camskra.com/ScriptResource.axd?d=TIsuG4CcHpFynuzefqZk6nYwQo1ZGG8jEtZIAkJnHIX2unodoNqZfaA7OvU0NB36Vx1Vwz_P0nTa5r-_B8On1pS5_pWn3nByQGcjN3o9DNx4nl7wPBw3oaJRTVkc24hBZnJQ_rq-fc_-HDbo9fU218it6aGvcBFabJcwLTfyQxA1&t=5f915bbd, line 3: SyntaxError: expected expression, got '<'
JavaScript error: https://www.camskra.com/ScriptResource.axd?d=D9drwtSJ4hBA6O8UhT6CQs5Vf3UiCYmCM63Dbq7PQwAUWtTezk8vQewHh98NQ30ZhJ0lFk9u-ej1M54o4kxaC19ZtTH4mW3mQJfaLpoLpuCb_mig0W9ST1i2hzqVUVGemtGsg2RdkyrJJ2LxyyC-6I2_de66H70tn-nqaUoWKJU1&t=545ba255:3796, line 13: Error: Sys.ArgumentUndefinedException: Value cannot be undefined.
Parameter name: type
JavaScript error: https://www.camskra.com/, line 2254: ReferenceError: Sys is not defined
1539260561679	Marionette	DEBUG	[2147483649] Received DOM event DOMContentLoaded for https://www.camskra.com/
1539260562197	Marionette	DEBUG	[2147483649] Received DOM event pageshow for https://www.camskra.com/
1539260563336	Marionette	DEBUG	[4294967297] Frame script loaded
1539260563358	Marionette	DEBUG	[4294967297] Frame script registered
1539260563389	Marionette	DEBUG	[4294967299] Frame script loaded
1539260563390	Marionette	DEBUG	[4294967299] Frame script registered
JavaScript error: jar:file:///usr/lib/firefox/omni.ja!/components/nsUrlClassifierListManager.js, line 589: TypeError: this.tablesData[table] is undefined
1539260569300	Marionette	INFO	Stopped listening on port 35287
1539260994366	mozrunner::runner	INFO	Running command: "/usr/bin/firefox" "-marionette" "-foreground" "-no-remote" "-profile" "/tmp/rust_mozprofile.fKexrTodYLwv"
1539261002370	Marionette	INFO	Listening on port 34807
1539261002457	Marionette	WARN	TLS certificate errors will be ignored for this session
1539261002505	Marionette	DEBUG	[2147483649] Frame script loaded
1539261002668	Marionette	DEBUG	[2147483649] Frame script registered
1539261002786	Marionette	DEBUG	[2147483649] Received DOM event beforeunload for about:blank
1539261005401	Marionette	DEBUG	[2147483649] Received DOM event pagehide for about:blank
JavaScript error: https://www.camskra.com/ScriptResource.axd?d=D9drwtSJ4hBA6O8UhT6CQsiRQahbI1jSDSa8OqVaHfF-jiZHLuLpCwW_ONfP8rZ40MRKnraMoNJa-3U0iqocxwlKnW-3ltYPDq27zqB9SjoDqurOF-hZP-_5WZWLDXoSyLGamyFFQRQ2XPRjGC5qxkLRFLw9kw0-DtqQJ8NymlE1&t=545ba255, line 3: SyntaxError: expected expression, got '<'
JavaScript error: https://www.camskra.com/, line 753: Error: ASP.NET Ajax client-side framework failed to load.
JavaScript error: https://www.camskra.com/ScriptResource.axd?d=JnUc-DEDOM5KzzVKtsL1tQkDO-vwyxJr8NYNVDmkxXOrVOTuzjPUvJEN1xae-gO9vVxa7OEsxq4-LTWGU8Iun4idWHltj6gXTxj4-ynDrOdCo6iZFna-IbkCCMdCZfLa9jj2oIWcFzOfa3re9ou5hjU8L7bMmb0yznQCQGor2Rz5QOuStRnPqqdgtpzFfNQ20&t=545ba255, line 3: SyntaxError: expected expression, got '<'
JavaScript error: https://www.camskra.com/, line 783: ReferenceError: Sys is not defined
JavaScript error: https://www.camskra.com/ScriptResource.axd?d=JnUc-DEDOM5KzzVKtsL1tQkDO-vwyxJr8NYNVDmkxXOrVOTuzjPUvJEN1xae-gO9vVxa7OEsxq4-LTWGU8Iun4idWHltj6gXTxj4-ynDrOdCo6iZFna-IbkCCMdCZfLa9jj2oIWcFzOfa3re9ou5hjU8L7bMmb0yznQCQGor2Rz5QOuStRnPqqdgtpzFfNQ20&t=545ba255, line 3: SyntaxError: expected expression, got '<'
JavaScript error: https://www.camskra.com/ScriptResource.axd?d=LkSbRRtTbnpvh0g927IxkF_qWuW2FKiSoIS3ZYpu3yNJrTQQhGOcfHLd5DsoT7xM-IJZhI9EZO87WYq8Cx00qZAEm6vFy7OYUiOOl3t87bdz3liL_jzA2_MUSXNUnGA0ZFNWaJG9rxpv0xbx3cEHvw2&t=5f915bbd, line 3: SyntaxError: expected expression, got '<'
JavaScript error: https://www.camskra.com/ScriptResource.axd?d=JcDYB5KVMsBIe_7HUCQE4NhNjHMtsCK-xTbx_wMp0RnkdgEXVnd5YnGYpPLrnZbOq2opnDZzlHpEhu2RBfgjtb_BwiLZuIpEgGl4lkvc1JNLt2wcYVu_rb3RBsmTrSV9IA4p3CChUT69tdTXk0r5MQ2&t=5f915bbd, line 3: SyntaxError: expected expression, got '<'
JavaScript error: https://www.camskra.com/ScriptResource.axd?d=dMtrWYtYVdP90oUUR-ZVm-83nQVt8u_6Zo3gGtXf2O5npKW5VDQqkfi83pGJR2mL-5e3OiPX_JeHyDCgvlvQH0UGjTv-y--cbNu4MLtvt34nwP9RBQQSCQoL1HK268-__pfWWKfboA1aw500EA1SBA2&t=5f915bbd, line 3: SyntaxError: expected expression, got '<'
JavaScript error: https://www.camskra.com/ScriptResource.axd?d=beb9cQ9ZLEsvO0Gw0Ci-lHZM0lbiz9cP534eejcOuhFOAg5dvz21uZPahsfxGdWUW6m8QXew8yNpa8eLidfg1RMahJC1g8le2aacQKQr4af-pAxzPYyjUwHKdJH795ikIs14Z79xk1yrPA3WXLmeyg2&t=5f915bbd, line 3: SyntaxError: expected expression, got '<'
JavaScript error: https://www.camskra.com/ScriptResource.axd?d=8CjII1v0OLoMNKf5zGXmenj1HYXgYL9hrdIesLWdxYRnGbEmXmIL2eI7Ka-tnYYkuWSlNlRWtIROR9fESuVFjJWCIbHj5PceZFjBWAUBNxN1IJ69JR4U2gMWh96Fshrs0fVIigKjuSRt4_a5684KVS_DyO5OyFD0Le2Jcs6x4Xs1&t=5f915bbd, line 3: SyntaxError: expected expression, got '<'
JavaScript error: https://www.camskra.com/ScriptResource.axd?d=C9WdBxfNqt6Csn74N1Lo1CSZt1Ha2NHd04MuGJwrChMihi_VD2akKlISNalBZdxC-3BuV_knrtjzx_7kAV2-CBikRGvk0Hd8ou3Xpodvl1c_WuwjKoMu78PFhSNd4PFWQIhlEINCenjYz1gA_b9Yj0cmVh1H1fatneoMNbas0Ks1&t=5f915bbd, line 3: SyntaxError: expected expression, got '<'
JavaScript error: https://www.camskra.com/ScriptResource.axd?d=EwsiQnKDlVgWkam2Dn1gFIAw9DTpmBJhSvNDhjJlEPKcMf5983lUZVa9-Fr5Q5lnkOiiE0rpDXvNIG2v1ifxk3xxGHqsFuonjntnCmqhYt1dqR6_YSnOjB_j5cJYkRd2jBrdh3Yi9r0HuTHUfv1MzSFhveTj7dAOMsWDrP6Igjc1&t=5f915bbd, line 3: SyntaxError: expected expression, got '<'
JavaScript error: https://www.camskra.com/ScriptResource.axd?d=qOXJv4kGrdDSKonndTkxchCQhucA0B5M96d_d5OUmhC3t_Xl-Ll6E444xgXyJAtzYZIkhHuUZEW_7zpZV7LPkXR9iHm65aROY0ZenNrwCT5u-bCNBfbHHiXSX5XZ-2Taw5M5hNubujwqSO82nXTP6g2&t=5f915bbd, line 3: SyntaxError: expected expression, got '<'
JavaScript error: https://www.camskra.com/ScriptResource.axd?d=D9drwtSJ4hBA6O8UhT6CQsiRQahbI1jSDSa8OqVaHfF-jiZHLuLpCwW_ONfP8rZ40MRKnraMoNJa-3U0iqocxwlKnW-3ltYPDq27zqB9SjoDqurOF-hZP-_5WZWLDXoSyLGamyFFQRQ2XPRjGC5qxkLRFLw9kw0-DtqQJ8NymlE1&t=545ba255:786, line 77: Error: Sys.ArgumentUndefinedException: Value cannot be undefined.
Parameter name: baseType
JavaScript error: https://www.camskra.com/SebiCircular.aspx, line 539: TypeError: Sys.WebForms is undefined
JavaScript error: https://www.camskra.com/ScriptResource.axd?d=D9drwtSJ4hBA6O8UhT6CQsiRQahbI1jSDSa8OqVaHfF-jiZHLuLpCwW_ONfP8rZ40MRKnraMoNJa-3U0iqocxwlKnW-3ltYPDq27zqB9SjoDqurOF-hZP-_5WZWLDXoSyLGamyFFQRQ2XPRjGC5qxkLRFLw9kw0-DtqQJ8NymlE1&t=545ba255:3805, line 15: Error: Sys.ArgumentException:  does not derive from Sys.Component.
Parameter name: type
JavaScript error: https://www.camskra.com/, line 2254: ReferenceError: Sys is not defined
1539261008468	Marionette	DEBUG	[2147483649] Received DOM event DOMContentLoaded for https://www.camskra.com/
1539261009026	Marionette	DEBUG	[2147483649] Received DOM event pageshow for https://www.camskra.com/
1539261041332	Marionette	DEBUG	[4294967297] Frame script loaded
1539261041350	Marionette	DEBUG	[4294967297] Frame script registered
1539261041380	Marionette	DEBUG	[4294967299] Frame script loaded
1539261041380	Marionette	DEBUG	[4294967299] Frame script registered
[Parent 20287, Gecko_IOThread] WARNING: pipe error (95): Connection reset by peer: file /build/firefox-IVlCbR/firefox-62.0.3+build1/ipc/chromium/src/chrome/common/ipc_channel_posix.cc, line 353
1539261043617	Marionette	INFO	Stopped listening on port 34807
1539261389801	mozrunner::runner	INFO	Running command: "/usr/bin/firefox" "-marionette" "-foreground" "-no-remote" "-profile" "/tmp/rust_mozprofile.rSVIHkSZnjdt"
1539261394862	Marionette	INFO	Listening on port 38563
1539261394922	Marionette	WARN	TLS certificate errors will be ignored for this session
1539261394987	Marionette	DEBUG	[2147483649] Frame script loaded
1539261395075	Marionette	DEBUG	[2147483649] Frame script registered
1539261395096	Marionette	DEBUG	[2147483649] Received DOM event beforeunload for about:blank
1539261396825	Marionette	DEBUG	[2147483649] Received DOM event pagehide for about:blank
1539261398511	Marionette	DEBUG	[2147483649] Received DOM event DOMContentLoaded for https://www.python.org/
1539261398935	Marionette	DEBUG	[2147483649] Received DOM event pageshow for https://www.python.org/
1539261400222	Marionette	INFO	Stopped listening on port 38563
1539261413551	mozrunner::runner	INFO	Running command: "/usr/bin/firefox" "-marionette" "-foreground" "-no-remote" "-profile" "/tmp/rust_mozprofile.9K58UZEERimR"
1539261417343	Marionette	INFO	Listening on port 42865
1539261417369	Marionette	WARN	TLS certificate errors will be ignored for this session
1539261417418	Marionette	DEBUG	[2147483649] Frame script loaded
1539261417418	Marionette	DEBUG	[2147483649] Frame script registered
1539261417441	Marionette	DEBUG	[2147483649] Received DOM event beforeunload for about:blank
1539261418918	Marionette	DEBUG	[2147483649] Received DOM event pagehide for about:blank
1539261420174	Marionette	DEBUG	[2147483649] Received DOM event DOMContentLoaded for https://www.python.org/
1539261420540	Marionette	DEBUG	[2147483649] Received DOM event pageshow for https://www.python.org/
1539261420692	Marionette	INFO	Stopped listening on port 42865
JavaScript error: resource://gre/modules/Sqlite.jsm, line 841: Error: Connection is not open.
1539261437529	mozrunner::runner	INFO	Running command: "/usr/bin/firefox" "-marionette" "-foreground" "-no-remote" "-profile" "/tmp/rust_mozprofile.iHVML6GhtgZ7"
1539261440639	Marionette	INFO	Listening on port 45885
1539261440744	Marionette	WARN	TLS certificate errors will be ignored for this session
1539261440805	Marionette	DEBUG	[2147483649] Frame script loaded
1539261440806	Marionette	DEBUG	[2147483649] Frame script registered
1539261440829	Marionette	DEBUG	[2147483649] Received DOM event beforeunload for about:blank
1539261442225	Marionette	DEBUG	[2147483649] Received DOM event pagehide for about:blank
1539261444531	Marionette	DEBUG	[2147483649] Received DOM event DOMContentLoaded for https://www.python.org/
1539261444855	Marionette	DEBUG	[2147483649] Received DOM event pageshow for https://www.python.org/
1539261444988	Marionette	INFO	Stopped listening on port 45885
JavaScript error: resource://gre/modules/Sqlite.jsm, line 841: Error: Connection is not open.
1539261648777	mozrunner::runner	INFO	Running command: "/usr/bin/firefox" "-marionette" "-foreground" "-no-remote" "-profile" "/tmp/rust_mozprofile.HtL9GmYs3oON"
1539261652193	Marionette	INFO	Listening on port 39693
1539261652321	Marionette	WARN	TLS certificate errors will be ignored for this session
1539261652387	Marionette	DEBUG	[2147483649] Frame script loaded
1539261652406	Marionette	DEBUG	[2147483649] Frame script registered
1539261652437	Marionette	DEBUG	[2147483649] Received DOM event beforeunload for about:blank
1539261654818	Marionette	DEBUG	[2147483649] Received DOM event pagehide for about:blank
JavaScript error: https://www.camskra.com/WebResource.axd?d=pynGkmcFUV13He1Qd6_TZECSKZrCz1hEOrNNbxMNx4zeavyfSJzhHCwMlQynQ90W7OwbfEKKp23y4LfUGg_9Ag2&t=636681801604795562, line 3: SyntaxError: expected expression, got '<'
JavaScript error: https://www.camskra.com/ScriptResource.axd?d=JnUc-DEDOM5KzzVKtsL1tSllZ9OnjFYwjxRMY3qXewP-yB6qNBzy9Rq-urySAd5r_GAszyGWyJCySoBKth1mmStjrASTEJVsrbkY2HTaUzLq1a95lJ0I7NzgCymh8eGnrSp_OBSxkrPNKmKFa7HV0EU3K6RIGAKSip7zVLBg_80BoZnO5Dy9rkMu16WmN6Aa0&t=545ba255, line 3: SyntaxError: expected expression, got '<'
JavaScript error: https://www.camskra.com/, line 783: TypeError: Sys.WebForms is undefined
JavaScript error: https://www.camskra.com/WebResource.axd?d=pynGkmcFUV13He1Qd6_TZECSKZrCz1hEOrNNbxMNx4zeavyfSJzhHCwMlQynQ90W7OwbfEKKp23y4LfUGg_9Ag2&t=636681801604795562, line 3: SyntaxError: expected expression, got '<'
JavaScript error: https://www.camskra.com/ScriptResource.axd?d=LkSbRRtTbnpvh0g927IxkKepJ8mrQK8NqF08rqDKfQGoJ2BMsKZRMFB5g1Ma1bfDrkW1VG8JaCh07wCEjlawZo9zZQSnj7uujoHM3NnLmyGgShN11awzx-xsSCAcPnB3xUhsyVhoCVXEWX2ohPA-rw2&t=5f915bbd, line 3: SyntaxError: expected expression, got '<'
JavaScript error: https://www.camskra.com/ScriptResource.axd?d=JcDYB5KVMsBIe_7HUCQE4GJ3yNKolq7BNklop4tE1-d4mJU6IyMTHWauZ71rXgzltUJBTzBUXHkLG_NG7ES3HZ7v_JKB2rPAR0UyFhIJ4jZACAnHbuLy9bAOgalBVgD0Qpb6TCFzmlRRMQTLKo3wYA2&t=5f915bbd, line 3: SyntaxError: expected expression, got '<'
JavaScript error: https://www.camskra.com/ScriptResource.axd?d=dMtrWYtYVdP90oUUR-ZVm96oQ6DOevVF8Zc1PbkungqSpPxyZXD8sbBb1c3RfU0Z-Zdl1UPxrDWBXRWy95hSe-tFvJyjI3mSmv5vLlHzmct13v9DOGTIAP-O-AvbFcht_D7zqtYWdDy5DB5njMqUfg2&t=5f915bbd, line 3: SyntaxError: expected expression, got '<'
JavaScript error: https://www.camskra.com/ScriptResource.axd?d=beb9cQ9ZLEsvO0Gw0Ci-lHy2ChOMVxoBvFFyKUkJuSgkirM_dOKQwmqqNy7XMTR_loSNZWZ9kPipmA6u3jdV2Dbi9ETDQqKiTwBsdk2t08acr6y22wkJeX9BExzAMosmXPG5MiJiQA-i1iwuMCjALw2&t=5f915bbd, line 3: SyntaxError: expected expression, got '<'
JavaScript error: https://www.camskra.com/ScriptResource.axd?d=8CjII1v0OLoMNKf5zGXmeic7TJ67EZ0LGT0Ewc_aIFB66vlCHdkOQXfTkEBxdqnEcavVeMHmMP0hHIpLWrPD4M_SMMUhow6JfreoROAM1dNAugrgHykH-7ixtDayyhh0PizkX4Jj6A3Fc3YnSxPN_v0eJp3rSVaAupFWaWVnSmk1&t=5f915bbd, line 3: SyntaxError: expected expression, got '<'
JavaScript error: https://www.camskra.com/ScriptResource.axd?d=C9WdBxfNqt6Csn74N1Lo1FkMdACPj-AOF0ukLvtEzn69OTFTdtbqWXD1wfkauuR7M4uBu9e9bjsIfsJ7NuKnI3ACebuQbDeQXbmwErJTcL9aGDQfWBX_B1nXcdOTCdXvr1nG5ASpmCvaCTfkMgzccoE7Qb6YtnpBPmOzW-8Z0uE1&t=5f915bbd, line 3: SyntaxError: expected expression, got '<'
JavaScript error: https://www.camskra.com/ScriptResource.axd?d=D9drwtSJ4hBA6O8UhT6CQsP5jU4OpSC2ug3DzwP6VinsdmvFXvKuzLUuSM5TYVR6DOp4QYFPvAxIeksLKcCteNeBX7lfbpMuW12gLjl3vQb8HGU6nsaoYJF6m_YT3J5nd02bp71vuQhRu6yiMpQgOsVZzTGUF-HPiqPwpLl4lRo1&t=545ba255:786, line 77: Error: Sys.ArgumentUndefinedException: Value cannot be undefined.
Parameter name: baseType
JavaScript error: https://www.camskra.com/ScriptResource.axd?d=qOXJv4kGrdDSKonndTkxciQ_F6PqkB1PTTnPKD2_ngehKS-XwdhdOzGYsn7dDbiM3Je_p2iaqGvMCaCTVG0QfvV2mmQhjqGTRMMxP9d0sONcAjN1oooS8xZtS3YwsksPuNSaPkyn8J0yPZ5-mAbyIg2&t=5f915bbd, line 3: SyntaxError: expected expression, got '<'
JavaScript error: https://www.camskra.com/ScriptResource.axd?d=TIsuG4CcHpFynuzefqZk6sDMZutPqregwD03bE5Blht91q8qStrkyjCXJLnwN_kDKizK7LoWuFqPAbyGhUZ5d_sOcwnUx7Vq1wt1-7Rd3Ef_LxPsPWRu0wfMoiK2ycPGHeBcJHV6D_vmFWEkYnz3aGO_GpPg_cm3tQHfnLd3syg1&t=5f915bbd, line 3: SyntaxError: expected expression, got '<'
JavaScript error: https://www.camskra.com/ScriptResource.axd?d=D9drwtSJ4hBA6O8UhT6CQsP5jU4OpSC2ug3DzwP6VinsdmvFXvKuzLUuSM5TYVR6DOp4QYFPvAxIeksLKcCteNeBX7lfbpMuW12gLjl3vQb8HGU6nsaoYJF6m_YT3J5nd02bp71vuQhRu6yiMpQgOsVZzTGUF-HPiqPwpLl4lRo1&t=545ba255:3796, line 13: Error: Sys.ArgumentUndefinedException: Value cannot be undefined.
Parameter name: type
JavaScript error: https://www.camskra.com/, line 2254: TypeError: Sys.WebForms is undefined
1539261656384	Marionette	DEBUG	[2147483649] Received DOM event DOMContentLoaded for https://www.camskra.com/
1539261658182	Marionette	DEBUG	[2147483649] Received DOM event pageshow for https://www.camskra.com/
1539261693435	mozrunner::runner	INFO	Running command: "/usr/bin/firefox" "-marionette" "-foreground" "-no-remote" "-profile" "/tmp/rust_mozprofile.kbeV9GIMLAXs"
1539261697948	Marionette	INFO	Listening on port 46737
1539261698296	Marionette	WARN	TLS certificate errors will be ignored for this session
1539261698357	Marionette	DEBUG	[2147483649] Frame script loaded
1539261698357	Marionette	DEBUG	[2147483649] Frame script registered
1539261698377	Marionette	DEBUG	[2147483649] Received DOM event beforeunload for about:blank
1539261700092	Marionette	DEBUG	[2147483649] Received DOM event pagehide for about:blank
1539261700837	Marionette	DEBUG	[4294967297] Frame script loaded
1539261700852	Marionette	DEBUG	[4294967297] Frame script registered
1539261700911	Marionette	DEBUG	[4294967299] Frame script loaded
1539261700922	Marionette	DEBUG	[4294967299] Frame script registered
JavaScript error: https://www.camskra.com/ScriptResource.axd?d=8CjII1v0OLoMNKf5zGXmeu0DhD30emQ_bvlhYj07pzIgBVT6JiMa0cmKUuu5DdPvByaBcqjPFychzR9mVBdzWh8vMQj-kqxjBiMl-ycvjOCXv4lBwMxMNIG6gxd4vpHObgynJjO_ni00UJR8T8AjvGgQM1Dbqo1wVMl8TKBPsOg1&t=5f915bbd, line 3: SyntaxError: expected expression, got '<'
JavaScript error: https://www.camskra.com/ScriptResource.axd?d=D9drwtSJ4hBA6O8UhT6CQkAdvjadgLjgO-Sa3PT8tTp8-iY8TWro4fc9g5I-vHEwBBLeJoJXhoJZ87g3ibJ3xNL_GXNhgL0LsxabR6DjgGd_IFuWWYjAxEBwgbMcf4lxa_DVaEMYMgH_-DtzaoFfKljOgQ5XErdWwGYhb1SOzk01&t=545ba255:786, line 77: Error: Sys.ArgumentUndefinedException: Value cannot be undefined.
Parameter name: baseType
JavaScript error: https://www.camskra.com/ScriptResource.axd?d=EwsiQnKDlVgWkam2Dn1gFIE3BbowGwggANQmPshetRvxrevYMvJ7W20vchQj9IR0k53G0pshfGNt4e8NomGkafC3XJ1dH6_He5monm5sQCkaJt91ztbgPBnSEe9bP4VAN_13d8Qsykd02svsfMRWT9ksi6QMjxiFv81LrRcHRHY1&t=5f915bbd, line 3: SyntaxError: expected expression, got '<'
JavaScript error: https://www.camskra.com/ScriptResource.axd?d=D9drwtSJ4hBA6O8UhT6CQkAdvjadgLjgO-Sa3PT8tTp8-iY8TWro4fc9g5I-vHEwBBLeJoJXhoJZ87g3ibJ3xNL_GXNhgL0LsxabR6DjgGd_IFuWWYjAxEBwgbMcf4lxa_DVaEMYMgH_-DtzaoFfKljOgQ5XErdWwGYhb1SOzk01&t=545ba255:786, line 77: Error: Sys.ArgumentUndefinedException: Value cannot be undefined.
Parameter name: baseType
JavaScript error: https://www.camskra.com/ScriptResource.axd?d=D9drwtSJ4hBA6O8UhT6CQkAdvjadgLjgO-Sa3PT8tTp8-iY8TWro4fc9g5I-vHEwBBLeJoJXhoJZ87g3ibJ3xNL_GXNhgL0LsxabR6DjgGd_IFuWWYjAxEBwgbMcf4lxa_DVaEMYMgH_-DtzaoFfKljOgQ5XErdWwGYhb1SOzk01&t=545ba255:3805, line 15: Error: Sys.ArgumentException:  does not derive from Sys.Component.
Parameter name: type
1539261703056	Marionette	DEBUG	[2147483649] Received DOM event DOMContentLoaded for https://www.camskra.com/
1539261703690	Marionette	DEBUG	[2147483649] Received DOM event pageshow for https://www.camskra.com/
1539261731496	Marionette	DEBUG	[4294967303] Frame script loaded
1539261731496	Marionette	DEBUG	[4294967303] Frame script registered
[Parent 21305, Gecko_IOThread] WARNING: pipe error (85): Connection reset by peer: file /build/firefox-IVlCbR/firefox-62.0.3+build1/ipc/chromium/src/chrome/common/ipc_channel_posix.cc, line 353
1539261733616	Marionette	INFO	Stopped listening on port 39693
[Parent 21540, Gecko_IOThread] WARNING: pipe error (66): Connection reset by peer: file /build/firefox-IVlCbR/firefox-62.0.3+build1/ipc/chromium/src/chrome/common/ipc_channel_posix.cc, line 353
1539261735585	Marionette	INFO	Stopped listening on port 46737
1539261822088	mozrunner::runner	INFO	Running command: "/usr/bin/firefox" "-marionette" "-foreground" "-no-remote" "-profile" "/tmp/rust_mozprofile.a6UvE7Uclv51"
1539261825236	Marionette	INFO	Listening on port 43297
1539261825332	Marionette	WARN	TLS certificate errors will be ignored for this session
1539261825396	Marionette	DEBUG	[2147483649] Frame script loaded
1539261825397	Marionette	DEBUG	[2147483649] Frame script registered
1539261825408	Marionette	DEBUG	[2147483649] Received DOM event beforeunload for about:blank
1539261826955	Marionette	DEBUG	[2147483649] Received DOM event pagehide for about:blank
JavaScript error: https://www.camskra.com/ScriptResource.axd?d=D9drwtSJ4hBA6O8UhT6CQs8i9igfzMQ5motAL7PxpLnbpLvqnzwX1upUOIZz06hw6oRNBnldcXnCsV5MsxsA9fnvtETnHABVoEMzMzoqBr8KFTW4up6SZvIUvKH9wDIa4Yv0NqDh75ET4T5jKRyXj8RaKMb0QyxW15gJPz_d9AA1&t=545ba255, line 3: SyntaxError: expected expression, got '<'
JavaScript error: https://www.camskra.com/, line 753: Error: ASP.NET Ajax client-side framework failed to load.
JavaScript error: https://www.camskra.com/ScriptResource.axd?d=JnUc-DEDOM5KzzVKtsL1tV5zBAiNt9y0RpWjDcqeHP-HZv-Z8xgbMyglstHgYfkWZwNqS2hnVGuzrF4rECaHkspnvMTp_li4tI696d7WVCO1RndRNJBZuWdANNOx2O3-Ovq_DZ-zHDAZM_6ZX7-Hu5P8wIHO7InPVgDK3X8h9qZwamrrxXROlXXRxg7QXoHR0&t=545ba255, line 3: SyntaxError: expected expression, got '<'
JavaScript error: https://www.camskra.com/, line 783: ReferenceError: Sys is not defined
JavaScript error: https://www.camskra.com/ScriptResource.axd?d=JnUc-DEDOM5KzzVKtsL1tXjgZG4jN_vKJGcp_pgKb4X4gc-DRGpH0rfC6mBHYiH4g0dKraLLVBZm_4w1azTlTiuCJwS7ApQaaq-BC8bhD5ngY81ZD5KJKq4fo0h5a_bv2phOuvaExPWJ_Oya8QVkTQghYvuSxB-6f_NK47OE1HqE5ScJNYmRFQuIBlfiKgBi0&t=545ba255, line 3: SyntaxError: expected expression, got '<'
JavaScript error: https://www.camskra.com/ScriptResource.axd?d=JcDYB5KVMsBIe_7HUCQE4Fho9JoqSVK3J72PFjt4Lgp6UvRhDV_JZadI3GySyUuCnRHK9vE1TQWZqBgXd7MIaG55civ7kVCvL2Wiravoa2VpVXW2_xlYcFMWxiA8sUn19r0FapN9Uovu58MqXfoIdw2&t=5f915bbd, line 3: SyntaxError: expected expression, got '<'
JavaScript error: https://www.camskra.com/ScriptResource.axd?d=EwsiQnKDlVgWkam2Dn1gFIE3BbowGwggANQmPshetRvxrevYMvJ7W20vchQj9IR0k53G0pshfGNt4e8NomGkafC3XJ1dH6_He5monm5sQCkaJt91ztbgPBnSEe9bP4VAN_13d8Qsykd02svsfMRWT9ksi6QMjxiFv81LrRcHRHY1&t=5f915bbd, line 3: SyntaxError: expected expression, got '<'
JavaScript error: https://www.camskra.com/SebiCircular.aspx, line 539: TypeError: Sys.WebForms is undefined
JavaScript error: https://www.camskra.com/ScriptResource.axd?d=TIsuG4CcHpFynuzefqZk6jerwJlcU8WhOCrgSLler5nep8TDBFAnm-mIwIbbByPhDGVu7pXIPWxGFL7axqJleOJVvZ6Umtkfv4aPc4lkMQdMaYcQnHc4enMVxOUojFQN-v65JdsFBtRlsyPh9ttZZenF9WouLG1UG2StcZEksPM1&t=5f915bbd, line 2: TypeError: AjaxControlToolkit.FirstDayOfWeek is undefined
JavaScript error: https://www.camskra.com/, line 2254: ReferenceError: Sys is not defined
1539261829644	Marionette	DEBUG	[2147483649] Received DOM event DOMContentLoaded for https://www.camskra.com/
1539261830202	Marionette	DEBUG	[2147483649] Received DOM event pageshow for https://www.camskra.com/
JavaScript error: https://www.camskra.com/Scripts/genScriptCisapl.js, line 25: ReferenceError: event is not defined
[Parent 21904, Gecko_IOThread] WARNING: pipe error (62): Connection reset by peer: file /build/firefox-IVlCbR/firefox-62.0.3+build1/ipc/chromium/src/chrome/common/ipc_channel_posix.cc, line 353
1539261858254	Marionette	DEBUG	[4294967297] Frame script loaded
1539261858254	Marionette	DEBUG	[4294967297] Frame script registered
1539261858284	Marionette	DEBUG	[4294967299] Frame script loaded
1539261858285	Marionette	DEBUG	[4294967299] Frame script registered
[Child 22047, Chrome_ChildThread] WARNING: pipe error: Broken pipe: file /build/firefox-IVlCbR/firefox-62.0.3+build1/ipc/chromium/src/chrome/common/ipc_channel_posix.cc, line 726
[Child 22047, Chrome_ChildThread] WARNING: pipe error: Broken pipe: file /build/firefox-IVlCbR/firefox-62.0.3+build1/ipc/chromium/src/chrome/common/ipc_channel_posix.cc, line 726
[Parent 21904, Gecko_IOThread] WARNING: pipe error (85): Connection reset by peer: file /build/firefox-IVlCbR/firefox-62.0.3+build1/ipc/chromium/src/chrome/common/ipc_channel_posix.cc, line 353
1539261860803	Marionette	INFO	Stopped listening on port 43297
1539261862106	mozrunner::runner	INFO	Running command: "/usr/bin/firefox" "-marionette" "-foreground" "-no-remote" "-profile" "/tmp/rust_mozprofile.7rOu7CLbrl4y"
1539261865507	Marionette	INFO	Listening on port 34801
1539261865516	Marionette	WARN	TLS certificate errors will be ignored for this session
1539261865586	Marionette	DEBUG	[2147483649] Frame script loaded
1539261865595	Marionette	DEBUG	[2147483649] Frame script registered
1539261865627	Marionette	DEBUG	[2147483649] Received DOM event beforeunload for about:blank
1539261868221	Marionette	DEBUG	[2147483649] Received DOM event pagehide for about:blank
JavaScript error: https://www.camskra.com/ScriptResource.axd?d=JnUc-DEDOM5KzzVKtsL1tQkDO-vwyxJr8NYNVDmkxXOrVOTuzjPUvJEN1xae-gO9vVxa7OEsxq4-LTWGU8Iun4idWHltj6gXTxj4-ynDrOdCo6iZFna-IbkCCMdCZfLa9jj2oIWcFzOfa3re9ou5hjU8L7bMmb0yznQCQGor2Rz5QOuStRnPqqdgtpzFfNQ20&t=545ba255, line 3: SyntaxError: expected expression, got '<'
JavaScript error: https://www.camskra.com/, line 783: TypeError: Sys.WebForms is undefined
JavaScript error: https://www.camskra.com/ScriptResource.axd?d=JnUc-DEDOM5KzzVKtsL1tQkDO-vwyxJr8NYNVDmkxXOrVOTuzjPUvJEN1xae-gO9vVxa7OEsxq4-LTWGU8Iun4idWHltj6gXTxj4-ynDrOdCo6iZFna-IbkCCMdCZfLa9jj2oIWcFzOfa3re9ou5hjU8L7bMmb0yznQCQGor2Rz5QOuStRnPqqdgtpzFfNQ20&t=545ba255, line 3: SyntaxError: expected expression, got '<'
JavaScript error: https://www.camskra.com/ScriptResource.axd?d=JcDYB5KVMsBIe_7HUCQE4NhNjHMtsCK-xTbx_wMp0RnkdgEXVnd5YnGYpPLrnZbOq2opnDZzlHpEhu2RBfgjtb_BwiLZuIpEgGl4lkvc1JNLt2wcYVu_rb3RBsmTrSV9IA4p3CChUT69tdTXk0r5MQ2&t=5f915bbd, line 3: SyntaxError: expected expression, got '<'
JavaScript error: https://www.camskra.com/ScriptResource.axd?d=beb9cQ9ZLEsvO0Gw0Ci-lHZM0lbiz9cP534eejcOuhFOAg5dvz21uZPahsfxGdWUW6m8QXew8yNpa8eLidfg1RMahJC1g8le2aacQKQr4af-pAxzPYyjUwHKdJH795ikIs14Z79xk1yrPA3WXLmeyg2&t=5f915bbd, line 3: SyntaxError: expected expression, got '<'
JavaScript error: https://www.camskra.com/ScriptResource.axd?d=qOXJv4kGrdDSKonndTkxchCQhucA0B5M96d_d5OUmhC3t_Xl-Ll6E444xgXyJAtzYZIkhHuUZEW_7zpZV7LPkXR9iHm65aROY0ZenNrwCT5u-bCNBfbHHiXSX5XZ-2Taw5M5hNubujwqSO82nXTP6g2&t=5f915bbd, line 3: SyntaxError: expected expression, got '<'
JavaScript error: https://www.camskra.com/SebiCircular.aspx, line 539: TypeError: Sys.WebForms is undefined
JavaScript error: https://www.camskra.com/ScriptResource.axd?d=TIsuG4CcHpFynuzefqZk6vaXSyItnHOdrDb5Pd0m7YCxj1u3lmynn_J1kWeF5HGAxmo-MAT7hfaL3SKinOuowJED6m9Mp0KxIKMrL73y4GVl8yrG_jPitZP9il6mYjwq9Q4ltY_aGon52pPPrIOwc5i2Z91AhjF8wRx04pXaE481&t=5f915bbd, line 2: TypeError: AjaxControlToolkit.FirstDayOfWeek is undefined
1539261870003	Marionette	DEBUG	[2147483649] Received DOM event unload for https://www.camskra.com/
1539261870113	Marionette	DEBUG	[2147483649] Received observer notification outer-window-destroyed for 2147483653
1539261870114	Marionette	DEBUG	[2147483649] Received observer notification outer-window-destroyed for 2147483649
1539261870779	Marionette	INFO	Stopped listening on port 34801
1539261873638	mozrunner::runner	INFO	Running command: "/usr/bin/firefox" "-marionette" "-foreground" "-no-remote" "-profile" "/tmp/rust_mozprofile.YebTiFfwVD3W"
1539261876978	Marionette	INFO	Listening on port 34873
1539261877051	Marionette	WARN	TLS certificate errors will be ignored for this session
1539261877103	Marionette	DEBUG	[2147483649] Frame script loaded
1539261877104	Marionette	DEBUG	[2147483649] Frame script registered
1539261877155	Marionette	DEBUG	[2147483649] Received DOM event beforeunload for about:blank
1539261879705	Marionette	DEBUG	[2147483649] Received DOM event pagehide for about:blank
JavaScript error: https://www.camskra.com/WebResource.axd?d=pynGkmcFUV13He1Qd6_TZHLVR8fT-_2X1D20wFos-9RVzR5huLQxD6Rf459DMHMp29RBe9sykPj2rXvRZFb-Cg2&t=636681801604795562, line 3: SyntaxError: expected expression, got '<'
JavaScript error: https://www.camskra.com/ScriptResource.axd?d=D9drwtSJ4hBA6O8UhT6CQm7LsEJw_EARUCWPPTFCuXUYYmkMw9a0M57Lz-IyL89Z8L5qgIdpM4062qmdwGhixTyWLr_PTrRegg26pqm1XrG0Qu6g_hhPgJ3lY3Z0jQod5ZSqQItkCd9IkXGJAeTV0fW2EPaJ9EP3aTmR8zYpLmY1&t=545ba255, line 3: SyntaxError: expected expression, got '<'
JavaScript error: https://www.camskra.com/, line 753: Error: ASP.NET Ajax client-side framework failed to load.
JavaScript error: https://www.camskra.com/ScriptResource.axd?d=JnUc-DEDOM5KzzVKtsL1tSLWNnyRPXIIsrMHKFdK0NyVIzqzPm3cC6mavQz1gbshW99hBKyvRdl1s-cBtaOVwb40da1x7Xv_C4Rt7mzXnD2usezRnZ6NbqYzHyf_wEM9z0Z7T40l6zDGGw8xPNG9VsmhiFA-pBp3byKows2LJYNOnSOPThSBznkhGHkQ-9uh0&t=545ba255, line 3: SyntaxError: expected expression, got '<'
JavaScript error: https://www.camskra.com/, line 783: ReferenceError: Sys is not defined
JavaScript error: https://www.camskra.com/WebResource.axd?d=pynGkmcFUV13He1Qd6_TZBaFXrd3GW60uADr85Hos5ys3wSXnbyyIilO_zRxKzVTksrXQrlY0EunFGL5iSzM7Q2&t=636681801604795562, line 3: SyntaxError: expected expression, got '<'
JavaScript error: https://www.camskra.com/ScriptResource.axd?d=D9drwtSJ4hBA6O8UhT6CQnXocPDJ_yaKDbhfBQ1nQL6UOWK4yrUu0cXZyIXYGTBwglf8NQ5EIYr7FD22Wzpagc1Jnn_HwOsIf1riSJUKih2kpyILXrAtws6jYlFJ1tMQse7054DGlURD3rBT0afRdxJjIzxNhacxGHQzJL0FDLA1&t=545ba255, line 3: SyntaxError: expected expression, got '<'
JavaScript error: https://www.camskra.com/SebiCircular.aspx, line 518: Error: ASP.NET Ajax client-side framework failed to load.
JavaScript error: https://www.camskra.com/ScriptResource.axd?d=JnUc-DEDOM5KzzVKtsL1tcBns_2oW5sSAW-_BjOUOCkAYeFNYcwmsq-CVwQfVTWCAhsxj9un2cWZIiBHZ6mjp9PWr0alO9FFUCbLnnWL3Ng2aoRNviq8M6pGbwcYr4NMikKHmEGIH_Ug1oIN-4aIvSf23EQruEIwNi4sEZ5ptiN-3lE5Ylxe9DXBF7kXHnJH0&t=545ba255, line 10: ReferenceError: Type is not defined
JavaScript error: https://www.camskra.com/ScriptResource.axd?d=LkSbRRtTbnpvh0g927IxkN2Ntl0qbFIdHanm7yVDEhvx_Vy_eTmPipgWWP46wnXxk_8NTAuzhmczbztNFsJRGrs0ZUYNK5NVyW47FAygkB3aLq2LlbA5Gc2NNToC1XtHu_S0S5U8sKPFJb2v0tMHlw2&t=5f915bbd, line 3: SyntaxError: expected expression, got '<'
JavaScript error: https://www.camskra.com/ScriptResource.axd?d=JcDYB5KVMsBIe_7HUCQE4Ju1W6b4nhbE6fWR83hTKjxt_gI2c9ROhL73IQySiA6uNgExQ8NBj8Q2l7SCHpsIaCzaD7RTCflrwCQmemJSnnTOwJ00mA_9uVSC23JMhpBwCR_3tmoCnko0Uqfb4CQJ4A2&t=5f915bbd, line 3: SyntaxError: expected expression, got '<'
JavaScript error: https://www.camskra.com/ScriptResource.axd?d=dMtrWYtYVdP90oUUR-ZVm2g4k4TzYEuAioZ-w1YJiqhE0vOFOhikhEDKKEdjZh53Ufy2Znoc-o4VvHx8AzpKF8ASFHbCrFsDANxnZtxJYiR9ouSl_jWD-EGaxZjxeA-KjjnwvSQs1ESQcAEn2ZJGOA2&t=5f915bbd, line 3: SyntaxError: expected expression, got '<'
JavaScript error: https://www.camskra.com/ScriptResource.axd?d=beb9cQ9ZLEsvO0Gw0Ci-lCKkO6lJQjoCG_yOR3rlPjb2zuhj4iZ_7xZzd6AUSZD9JLCc6_3p6c6sz78wIhdt29Ts0v4JoKIKw4cfg3Qlg7LraMc2I0hxjOMW62JRWeHmkiCstOMpmyvcozWTawMDyQ2&t=5f915bbd, line 1: ReferenceError: Type is not defined
JavaScript error: https://www.camskra.com/ScriptResource.axd?d=8CjII1v0OLoMNKf5zGXmelwRJL2mvj3Wv4oAOqAWM64Tk8de9OngGwSkxQ7XWnmAZAKQj_kLY_bXNN6ol3Vfp28ZhNcCmHC6jfbNcJ3QFDDKPn6fo7oXyXReXEsLiZ0PWWnemplYFoEEC1j9SaulpEgnMM-UJBZlr9C7c9bDFtI1&t=5f915bbd, line 3: SyntaxError: expected expression, got '<'
JavaScript error: https://www.camskra.com/ScriptResource.axd?d=C9WdBxfNqt6Csn74N1Lo1NYCHsOPWZXQtu3LIhWFx-TfEVw7j3N82r31D0VbDiZ3xs9ML5sRYwNoE_2LguW2oQcx2ZsoFfFdl9fPss-OvN8PJLRaNHmEtkcU5KjIWsvH0ucuCE5DH28fz_LAhx4B2RmKHOFyjBwkNwrJrMndCiE1&t=5f915bbd, line 3: SyntaxError: expected expression, got '<'
JavaScript error: https://www.camskra.com/ScriptResource.axd?d=EwsiQnKDlVgWkam2Dn1gFAew_XUiQPUheYVAaDZsxspHQUnUHYoNjX9tu5IdGMYGDXG_fEGUmdVJ3E9NZudAtOQJkvNP19IvHd1TUSGs7rglysT29NYcFokV1bU5PKDGdbSinXwFA7ahuq0KxFO8RoR51FZimNFtlSc9BqQVyIE1&t=5f915bbd, line 3: SyntaxError: expected expression, got '<'
JavaScript error: https://www.camskra.com/ScriptResource.axd?d=qOXJv4kGrdDSKonndTkxcqMTgSY-gsCaDtIFz0_CsAiPgko-gy0-U-L-BbSMU8-VWcWTguUc93EgduqnWNbCd-NAYt_RQCIAf8x8Ddj-EF_wObjwed9MOwdmOqdGrnF-ujZZBa8MHr7yo4wk2jpqqg2&t=5f915bbd, line 3: SyntaxError: expected expression, got '<'
JavaScript error: https://www.camskra.com/ScriptResource.axd?d=TIsuG4CcHpFynuzefqZk6g15My802ijqZ1Rgq9oH8BEyM0AHsNKOAknpsAJKwd2gpb0YilvjRKr-jiM-X7bJ9nGAPtvKFF-_x7AbYTek5l6ChJ-gJK4PvKyI_Fkg6LlUxjm2J6qdm_KiH-1jG6UJtLr3yGGfE68xGsOf82keWyY1&t=5f915bbd, line 3: SyntaxError: expected expression, got '<'
JavaScript error: https://www.camskra.com/SebiCircular.aspx, line 539: ReferenceError: Sys is not defined
JavaScript error: https://www.camskra.com/SebiCircular.aspx, line 593: ReferenceError: Sys is not defined
JavaScript error: https://www.camskra.com/, line 2254: ReferenceError: Sys is not defined
1539261881513	Marionette	DEBUG	[2147483649] Received DOM event DOMContentLoaded for https://www.camskra.com/
1539261881575	Marionette	DEBUG	[2147483649] Received DOM event pageshow for https://www.camskra.com/
1539262039264	mozrunner::runner	INFO	Running command: "/usr/bin/firefox" "-marionette" "-foreground" "-no-remote" "-profile" "/tmp/rust_mozprofile.vZEiVPLQegUq"
1539262042407	Marionette	INFO	Listening on port 39975
1539262042495	Marionette	WARN	TLS certificate errors will be ignored for this session
1539262042572	Marionette	DEBUG	[2147483649] Frame script loaded
1539262042582	Marionette	DEBUG	[2147483649] Frame script registered
1539262042603	Marionette	DEBUG	[2147483649] Received DOM event beforeunload for about:blank
1539262045573	Marionette	DEBUG	[2147483649] Received DOM event pagehide for about:blank
JavaScript error: https://www.camskra.com/WebResource.axd?d=pynGkmcFUV13He1Qd6_TZGsHhDQe0NS2J3WDeFTPFQDgxKb_Rav4hhP19I9LhJnDmm5D-2XoOmHKTu0jC0StzQ2&t=636681801604795562, line 3: SyntaxError: expected expression, got '<'
JavaScript error: https://www.camskra.com/ScriptResource.axd?d=D9drwtSJ4hBA6O8UhT6CQnmpxJAh2fGXKUz3peuRwJAxRmqCSJSSRP9MeNG6eA683od239JvTGGnew90KcudzPkMDBTq4f8SPmZs6qJEMBme8vjBTl9nUfkIYzyPHjMcA85dmufK9bhug-QOHIyuqBuDmb6bZPvxJf6m3JoiOWA1&t=545ba255, line 3: SyntaxError: expected expression, got '<'
JavaScript error: https://www.camskra.com/, line 753: Error: ASP.NET Ajax client-side framework failed to load.
JavaScript error: https://www.camskra.com/ScriptResource.axd?d=JnUc-DEDOM5KzzVKtsL1tQ-c2ILwxifICLbjISCypSy8s5HuLTl1coKfQ2q5ZR4H_ek_49wVocNWwLSNpObWMoL6jQCYqxwCEh9oIHRqFslbNA28uXLIKt8c5OPQKgcE_gYQVGsdOiz3haGu59rH7lfCXuLjRS_Do044OpUqzzOtrzqA92uLlCnXWBDPIz_50&t=545ba255, line 10: ReferenceError: Type is not defined
JavaScript error: https://www.camskra.com/, line 783: ReferenceError: Sys is not defined
JavaScript error: https://www.camskra.com/WebResource.axd?d=pynGkmcFUV13He1Qd6_TZDgYhYm_onTNm5j27cKJrvr2uBQD1ehg8J2KUVvuxVCD9p8eHxWbru2hZS_22d-dnA2&t=636681801604795562, line 3: SyntaxError: expected expression, got '<'
JavaScript error: https://www.camskra.com/ScriptResource.axd?d=D9drwtSJ4hBA6O8UhT6CQsiRQahbI1jSDSa8OqVaHfF-jiZHLuLpCwW_ONfP8rZ40MRKnraMoNJa-3U0iqocxwlKnW-3ltYPDq27zqB9SjoDqurOF-hZP-_5WZWLDXoSyLGamyFFQRQ2XPRjGC5qxkLRFLw9kw0-DtqQJ8NymlE1&t=545ba255, line 3: SyntaxError: expected expression, got '<'
JavaScript error: https://www.camskra.com/SebiCircular.aspx, line 518: Error: ASP.NET Ajax client-side framework failed to load.
JavaScript error: https://www.camskra.com/ScriptResource.axd?d=JnUc-DEDOM5KzzVKtsL1tQkDO-vwyxJr8NYNVDmkxXOrVOTuzjPUvJEN1xae-gO9vVxa7OEsxq4-LTWGU8Iun4idWHltj6gXTxj4-ynDrOdCo6iZFna-IbkCCMdCZfLa9jj2oIWcFzOfa3re9ou5hjU8L7bMmb0yznQCQGor2Rz5QOuStRnPqqdgtpzFfNQ20&t=545ba255, line 10: ReferenceError: Type is not defined
JavaScript error: https://www.camskra.com/ScriptResource.axd?d=LkSbRRtTbnpvh0g927IxkF_qWuW2FKiSoIS3ZYpu3yNJrTQQhGOcfHLd5DsoT7xM-IJZhI9EZO87WYq8Cx00qZAEm6vFy7OYUiOOl3t87bdz3liL_jzA2_MUSXNUnGA0ZFNWaJG9rxpv0xbx3cEHvw2&t=5f915bbd, line 1: ReferenceError: Type is not defined
JavaScript error: https://www.camskra.com/ScriptResource.axd?d=JcDYB5KVMsBIe_7HUCQE4NhNjHMtsCK-xTbx_wMp0RnkdgEXVnd5YnGYpPLrnZbOq2opnDZzlHpEhu2RBfgjtb_BwiLZuIpEgGl4lkvc1JNLt2wcYVu_rb3RBsmTrSV9IA4p3CChUT69tdTXk0r5MQ2&t=5f915bbd, line 3: SyntaxError: expected expression, got '<'
JavaScript error: https://www.camskra.com/ScriptResource.axd?d=dMtrWYtYVdP90oUUR-ZVm-83nQVt8u_6Zo3gGtXf2O5npKW5VDQqkfi83pGJR2mL-5e3OiPX_JeHyDCgvlvQH0UGjTv-y--cbNu4MLtvt34nwP9RBQQSCQoL1HK268-__pfWWKfboA1aw500EA1SBA2&t=5f915bbd, line 2: ReferenceError: Sys is not defined
JavaScript error: https://www.camskra.com/ScriptResource.axd?d=beb9cQ9ZLEsvO0Gw0Ci-lHZM0lbiz9cP534eejcOuhFOAg5dvz21uZPahsfxGdWUW6m8QXew8yNpa8eLidfg1RMahJC1g8le2aacQKQr4af-pAxzPYyjUwHKdJH795ikIs14Z79xk1yrPA3WXLmeyg2&t=5f915bbd, line 3: SyntaxError: expected expression, got '<'
JavaScript error: https://www.camskra.com/ScriptResource.axd?d=8CjII1v0OLoMNKf5zGXmenj1HYXgYL9hrdIesLWdxYRnGbEmXmIL2eI7Ka-tnYYkuWSlNlRWtIROR9fESuVFjJWCIbHj5PceZFjBWAUBNxN1IJ69JR4U2gMWh96Fshrs0fVIigKjuSRt4_a5684KVS_DyO5OyFD0Le2Jcs6x4Xs1&t=5f915bbd, line 3: SyntaxError: expected expression, got '<'
JavaScript error: https://www.camskra.com/ScriptResource.axd?d=C9WdBxfNqt6Csn74N1Lo1CSZt1Ha2NHd04MuGJwrChMihi_VD2akKlISNalBZdxC-3BuV_knrtjzx_7kAV2-CBikRGvk0Hd8ou3Xpodvl1c_WuwjKoMu78PFhSNd4PFWQIhlEINCenjYz1gA_b9Yj0cmVh1H1fatneoMNbas0Ks1&t=5f915bbd, line 1: ReferenceError: Type is not defined
JavaScript error: https://www.camskra.com/ScriptResource.axd?d=EwsiQnKDlVgWkam2Dn1gFIAw9DTpmBJhSvNDhjJlEPKcMf5983lUZVa9-Fr5Q5lnkOiiE0rpDXvNIG2v1ifxk3xxGHqsFuonjntnCmqhYt1dqR6_YSnOjB_j5cJYkRd2jBrdh3Yi9r0HuTHUfv1MzSFhveTj7dAOMsWDrP6Igjc1&t=5f915bbd, line 1: ReferenceError: Type is not defined
JavaScript error: https://www.camskra.com/ScriptResource.axd?d=qOXJv4kGrdDSKonndTkxchCQhucA0B5M96d_d5OUmhC3t_Xl-Ll6E444xgXyJAtzYZIkhHuUZEW_7zpZV7LPkXR9iHm65aROY0ZenNrwCT5u-bCNBfbHHiXSX5XZ-2Taw5M5hNubujwqSO82nXTP6g2&t=5f915bbd, line 3: SyntaxError: expected expression, got '<'
JavaScript error: https://www.camskra.com/ScriptResource.axd?d=TIsuG4CcHpFynuzefqZk6vaXSyItnHOdrDb5Pd0m7YCxj1u3lmynn_J1kWeF5HGAxmo-MAT7hfaL3SKinOuowJED6m9Mp0KxIKMrL73y4GVl8yrG_jPitZP9il6mYjwq9Q4ltY_aGon52pPPrIOwc5i2Z91AhjF8wRx04pXaE481&t=5f915bbd, line 3: SyntaxError: expected expression, got '<'
JavaScript error: https://www.camskra.com/SebiCircular.aspx, line 539: ReferenceError: Sys is not defined
JavaScript error: https://www.camskra.com/SebiCircular.aspx, line 593: ReferenceError: Sys is not defined
JavaScript error: https://www.camskra.com/, line 2254: ReferenceError: Sys is not defined
1539262047202	Marionette	DEBUG	[2147483649] Received DOM event DOMContentLoaded for https://www.camskra.com/
1539262048847	Marionette	DEBUG	[2147483649] Received DOM event pageshow for https://www.camskra.com/
[Parent 22610, Gecko_IOThread] WARNING: pipe error (73): Connection reset by peer: file /build/firefox-IVlCbR/firefox-62.0.3+build1/ipc/chromium/src/chrome/common/ipc_channel_posix.cc, line 353
1539262079087	Marionette	INFO	Stopped listening on port 39975
[Parent 22394, Gecko_IOThread] WARNING: pipe error (69): Connection reset by peer: file /build/firefox-IVlCbR/firefox-62.0.3+build1/ipc/chromium/src/chrome/common/ipc_channel_posix.cc, line 353
1539262886809	Marionette	INFO	Stopped listening on port 34873
